<?xml version="1.0" encoding="UTF-8"?>
<testng-results ignored="0" total="1" passed="1" failed="0" skipped="0">
  <reporter-output>
  </reporter-output>
  <suite started-at="2022-05-21T18:01:08 IST" name="Default suite" finished-at="2022-05-21T18:01:24 IST" duration-ms="15478">
    <groups>
    </groups>
    <test started-at="2022-05-21T18:01:08 IST" name="Default test" finished-at="2022-05-21T18:01:24 IST" duration-ms="15478">
      <class name="testcase.MyFirstTestFW">
        <test-method is-config="true" signature="setup()[pri:0, instance:testcase.MyFirstTestFW@63376bed]" started-at="2022-05-21T18:01:08 IST" name="setup" finished-at="2022-05-21T18:01:14 IST" duration-ms="5468" status="PASS">
          <reporter-output>
          </reporter-output>
        </test-method> <!-- setup -->
        <test-method signature="LoginTest()[pri:0, instance:testcase.MyFirstTestFW@63376bed]" started-at="2022-05-21T18:01:14 IST" name="LoginTest" finished-at="2022-05-21T18:01:20 IST" duration-ms="5551" status="PASS">
          <reporter-output>
          </reporter-output>
        </test-method> <!-- LoginTest -->
        <test-method is-config="true" signature="teardown()[pri:0, instance:testcase.MyFirstTestFW@63376bed]" started-at="2022-05-21T18:01:20 IST" name="teardown" finished-at="2022-05-21T18:01:24 IST" duration-ms="4383" status="PASS">
          <reporter-output>
          </reporter-output>
        </test-method> <!-- teardown -->
      </class> <!-- testcase.MyFirstTestFW -->
    </test> <!-- Default test -->
  </suite> <!-- Default suite -->
</testng-results>
